<?xml version="1.0" encoding="UTF-8"?>
<!-- Generated by org.testng.reporters.JUnitReportReporter -->
<testsuite skipped="0" hostname="DESKTOP-PS73NNS" name="com.mercury.tours.Mercury_Sign_On_TestNG_Class" tests="3" failures="0" timestamp="25 Dec 2019 06:50:19 GMT" time="27.816" errors="0">
  <testcase name="Sign_On" time="8.528" classname="com.mercury.tours.Mercury_Sign_On_TestNG_Class"/>
  <testcase name="Sign_On" time="9.741" classname="com.mercury.tours.Mercury_Sign_On_TestNG_Class"/>
  <testcase name="Sign_On" time="9.547" classname="com.mercury.tours.Mercury_Sign_On_TestNG_Class"/>
</testsuite> <!-- com.mercury.tours.Mercury_Sign_On_TestNG_Class -->
