<?xml version="1.0" encoding="UTF-8"?>
<!-- Generated by org.testng.reporters.JUnitReportReporter -->
<testsuite skipped="0" hostname="DESKTOP-PS73NNS" name="com.mercury.tours.Mercury_Sign_On_ActionClass2_DragAndDrop" tests="1" failures="0" timestamp="25 Dec 2019 10:57:15 GMT" time="5.549" errors="0">
  <testcase name="Sign_On_MouseOver" time="5.549" classname="com.mercury.tours.Mercury_Sign_On_ActionClass2_DragAndDrop"/>
</testsuite> <!-- com.mercury.tours.Mercury_Sign_On_ActionClass2_DragAndDrop -->
