<?xml version="1.0" encoding="UTF-8"?>
<!-- Generated by org.testng.reporters.JUnitReportReporter -->
<testsuite skipped="0" hostname="DESKTOP-PS73NNS" name="com.mercury.tours.Mercury_Sign_On_ActionClass" tests="1" failures="0" timestamp="24 Dec 2019 10:50:36 GMT" time="4.453" errors="0">
  <testcase name="Sign_On_DragAndDrop" time="4.453" classname="com.mercury.tours.Mercury_Sign_On_ActionClass"/>
</testsuite> <!-- com.mercury.tours.Mercury_Sign_On_ActionClass -->
