<?xml version="1.0" encoding="UTF-8"?>
<!-- Generated by org.testng.reporters.JUnitReportReporter -->
<testsuite skipped="0" hostname="DESKTOP-PS73NNS" name="com.mercury.tours.Mercury_Sign_On_navigatealllinks" tests="1" failures="0" timestamp="25 Dec 2019 11:00:35 GMT" time="47.758" errors="0">
  <testcase name="navigateToallLinks" time="47.758" classname="com.mercury.tours.Mercury_Sign_On_navigatealllinks"/>
</testsuite> <!-- com.mercury.tours.Mercury_Sign_On_navigatealllinks -->
