<?xml version="1.0" encoding="UTF-8"?>
<!-- Generated by org.testng.reporters.JUnitReportReporter -->
<testsuite skipped="0" hostname="DESKTOP-PS73NNS" name="com.mercury.tours.Mercury_Sign_On_HDFCnetbanking2_HandlewindowAlert" tests="1" failures="0" timestamp="24 Dec 2019 12:13:43 GMT" time="0.252" errors="0">
  <testcase name="Sign_On" time="0.252" classname="com.mercury.tours.Mercury_Sign_On_HDFCnetbanking2_HandlewindowAlert"/>
</testsuite> <!-- com.mercury.tours.Mercury_Sign_On_HDFCnetbanking2_HandlewindowAlert -->
