<?xml version="1.0" encoding="UTF-8"?>
<!-- Generated by org.testng.reporters.JUnitReportReporter -->
<testsuite skipped="0" hostname="DESKTOP-PS73NNS" name="com.mercury.tours.Mercury_Sign_On_Read_Properties" tests="1" failures="0" timestamp="26 Dec 2019 09:52:15 GMT" time="29.806" errors="0">
  <testcase name="Sign_On" time="29.806" classname="com.mercury.tours.Mercury_Sign_On_Read_Properties"/>
</testsuite> <!-- com.mercury.tours.Mercury_Sign_On_Read_Properties -->
