<?xml version="1.0" encoding="UTF-8"?>
<!-- Generated by org.testng.reporters.JUnitReportReporter -->
<testsuite skipped="0" hostname="DESKTOP-PS73NNS" name="com.mercury.tours.Mercury_Sign_On_getText" tests="1" failures="0" timestamp="24 Dec 2019 06:33:36 GMT" time="22.259" errors="0">
  <testcase name="Sign_On" time="22.259" classname="com.mercury.tours.Mercury_Sign_On_getText"/>
</testsuite> <!-- com.mercury.tours.Mercury_Sign_On_getText -->
