<?xml version="1.0" encoding="UTF-8"?>
<!-- Generated by org.testng.reporters.JUnitReportReporter -->
<testsuite skipped="0" hostname="DESKTOP-PS73NNS" name="com.mercury.tours.Headless_Browser" tests="1" failures="0" timestamp="24 Dec 2019 05:14:30 GMT" time="9.778" errors="0">
  <testcase name="Sign_On" time="9.778" classname="com.mercury.tours.Headless_Browser"/>
</testsuite> <!-- com.mercury.tours.Headless_Browser -->
