<?xml version="1.0" encoding="UTF-8"?>
<!-- Generated by org.testng.reporters.JUnitReportReporter -->
<testsuite skipped="0" hostname="DESKTOP-PS73NNS" name="com.mercury.tours.Mercury_Sign_On_ReadDataFromExcel" tests="3" failures="0" timestamp="26 Dec 2019 09:20:34 GMT" time="24.217" errors="0">
  <testcase name="Sign_On" time="7.981" classname="com.mercury.tours.Mercury_Sign_On_ReadDataFromExcel"/>
  <testcase name="Sign_On" time="8.098" classname="com.mercury.tours.Mercury_Sign_On_ReadDataFromExcel"/>
  <testcase name="Sign_On" time="8.138" classname="com.mercury.tours.Mercury_Sign_On_ReadDataFromExcel"/>
</testsuite> <!-- com.mercury.tours.Mercury_Sign_On_ReadDataFromExcel -->
