<?xml version="1.0" encoding="UTF-8"?>
<!-- Generated by org.testng.reporters.JUnitReportReporter -->
<testsuite skipped="0" hostname="DESKTOP-PS73NNS" name="com.mercury.tours.BatchExcecution_smoke" tests="1" failures="0" timestamp="25 Dec 2019 11:00:35 GMT" time="0.007" errors="0">
  <testcase name="f" time="0.007" classname="com.mercury.tours.BatchExcecution_smoke"/>
</testsuite> <!-- com.mercury.tours.BatchExcecution_smoke -->
