<?xml version="1.0" encoding="UTF-8"?>
<!-- Generated by org.testng.reporters.JUnitReportReporter -->
<testsuite skipped="0" hostname="DESKTOP-PS73NNS" name="com.mercury.tours.Mercury_Sign_On_HDFCnetbanking" tests="1" failures="0" timestamp="24 Dec 2019 07:38:26 GMT" time="0.483" errors="0">
  <testcase name="Sign_On" time="0.483" classname="com.mercury.tours.Mercury_Sign_On_HDFCnetbanking"/>
</testsuite> <!-- com.mercury.tours.Mercury_Sign_On_HDFCnetbanking -->
